<?xml version="1.0" encoding="UTF-8"?>
<coverage generated="1596583275512" clover="3.2.0">
  <project timestamp="1596583275513" name="All files">
    <metrics statements="25" coveredstatements="25" conditionals="6" coveredconditionals="5" methods="2" coveredmethods="2" elements="33" coveredelements="32" complexity="0" loc="25" ncloc="25" packages="1" files="1" classes="1"/>
    <file name="validator.js" path="C:\Users\ELIZABETH\Desktop\LIM013-card-validation\src\validator.js">
      <metrics statements="25" coveredstatements="25" conditionals="6" coveredconditionals="5" methods="2" coveredmethods="2"/>
      <line num="3" count="1" type="stmt"/>
      <line num="10" count="2" type="stmt"/>
      <line num="11" count="2" type="stmt"/>
      <line num="12" count="2" type="stmt"/>
      <line num="13" count="2" type="stmt"/>
      <line num="14" count="2" type="stmt"/>
      <line num="15" count="2" type="stmt"/>
      <line num="20" count="2" type="cond" truecount="1" falsecount="1"/>
      <line num="21" count="2" type="stmt"/>
      <line num="22" count="32" type="cond" truecount="2" falsecount="0"/>
      <line num="23" count="16" type="stmt"/>
      <line num="25" count="16" type="stmt"/>
      <line num="32" count="2" type="stmt"/>
      <line num="33" count="2" type="stmt"/>
      <line num="36" count="2" type="stmt"/>
      <line num="37" count="39" type="stmt"/>
      <line num="41" count="2" type="cond" truecount="2" falsecount="0"/>
      <line num="42" count="1" type="stmt"/>
      <line num="44" count="2" type="stmt"/>
      <line num="49" count="1" type="stmt"/>
      <line num="50" count="1" type="stmt"/>
      <line num="51" count="1" type="stmt"/>
      <line num="53" count="1" type="stmt"/>
      <line num="54" count="12" type="stmt"/>
      <line num="58" count="1" type="stmt"/>
    </file>
  </project>
</coverage>
