{"C:\\Users\\ELIZABETH\\Desktop\\LIM013-card-validation\\src\\validator.js": {"path":"C:\\Users\\ELIZABETH\\Desktop\\LIM013-card-validation\\src\\validator.js","statementMap":{"0":{"start":{"line":3,"column":20},"end":{"line":61,"column":3}},"1":{"start":{"line":10,"column":32},"end":{"line":10,"column":52}},"2":{"start":{"line":11,"column":18},"end":{"line":11,"column":19}},"3":{"start":{"line":12,"column":30},"end":{"line":12,"column":32}},"4":{"start":{"line":13,"column":30},"end":{"line":13,"column":32}},"5":{"start":{"line":14,"column":25},"end":{"line":14,"column":34}},"6":{"start":{"line":15,"column":24},"end":{"line":15,"column":95}},"7":{"start":{"line":20,"column":8},"end":{"line":28,"column":11}},"8":{"start":{"line":21,"column":10},"end":{"line":27,"column":13}},"9":{"start":{"line":21,"column":27},"end":{"line":21,"column":53}},"10":{"start":{"line":22,"column":14},"end":{"line":26,"column":15}},"11":{"start":{"line":23,"column":16},"end":{"line":23,"column":63}},"12":{"start":{"line":25,"column":16},"end":{"line":25,"column":78}},"13":{"start":{"line":32,"column":10},"end":{"line":32,"column":64}},"14":{"start":{"line":33,"column":10},"end":{"line":33,"column":64}},"15":{"start":{"line":36,"column":10},"end":{"line":38,"column":11}},"16":{"start":{"line":36,"column":23},"end":{"line":36,"column":24}},"17":{"start":{"line":37,"column":12},"end":{"line":37,"column":44}},"18":{"start":{"line":41,"column":10},"end":{"line":43,"column":11}},"19":{"start":{"line":42,"column":12},"end":{"line":42,"column":70}},"20":{"start":{"line":44,"column":10},"end":{"line":44,"column":27}},"21":{"start":{"line":49,"column":29},"end":{"line":49,"column":50}},"22":{"start":{"line":50,"column":29},"end":{"line":50,"column":52}},"23":{"start":{"line":51,"column":28},"end":{"line":51,"column":30}},"24":{"start":{"line":53,"column":6},"end":{"line":55,"column":7}},"25":{"start":{"line":53,"column":23},"end":{"line":53,"column":24}},"26":{"start":{"line":54,"column":8},"end":{"line":54,"column":31}},"27":{"start":{"line":58,"column":6},"end":{"line":58,"column":95}}},"fnMap":{"0":{"name":"(anonymous_0)","decl":{"start":{"line":7,"column":13},"end":{"line":7,"column":14}},"loc":{"start":{"line":7,"column":29},"end":{"line":45,"column":5}},"line":7},"1":{"name":"(anonymous_1)","decl":{"start":{"line":47,"column":13},"end":{"line":47,"column":14}},"loc":{"start":{"line":47,"column":29},"end":{"line":59,"column":5}},"line":47}},"branchMap":{"0":{"loc":{"start":{"line":20,"column":8},"end":{"line":28,"column":11}},"type":"if","locations":[{"start":{"line":20,"column":8},"end":{"line":28,"column":11}},{"start":{"line":20,"column":8},"end":{"line":28,"column":11}}],"line":20},"1":{"loc":{"start":{"line":22,"column":14},"end":{"line":26,"column":15}},"type":"if","locations":[{"start":{"line":22,"column":14},"end":{"line":26,"column":15}},{"start":{"line":22,"column":14},"end":{"line":26,"column":15}}],"line":22},"2":{"loc":{"start":{"line":41,"column":10},"end":{"line":43,"column":11}},"type":"if","locations":[{"start":{"line":41,"column":10},"end":{"line":43,"column":11}},{"start":{"line":41,"column":10},"end":{"line":43,"column":11}}],"line":41}},"s":{"0":1,"1":2,"2":2,"3":2,"4":2,"5":2,"6":2,"7":2,"8":2,"9":2,"10":32,"11":16,"12":16,"13":2,"14":2,"15":2,"16":2,"17":39,"18":2,"19":1,"20":2,"21":1,"22":1,"23":1,"24":1,"25":1,"26":12,"27":1},"f":{"0":2,"1":1},"b":{"0":[2,0],"1":[16,16],"2":[1,1]},"_coverageSchema":"43e27e138ebf9cfc5966b082cf9a028302ed4184","hash":"cc6afb94aef21d2b5d816d59418fa3f40932a7e9"}
}
